# fastevent.get()
[<Event(4352-AudioDeviceAdded {'which': 0, 'iscapture': 0})>, <Event(4352-AudioDeviceAdded {'which': 0, 'iscapture': 1})>, <Event(4352-AudioDeviceAdded {'which': 1, 'iscapture': 1})>, <Event(512-Unknown {})>, <Event(32768-ActiveEvent {'gain': 1, 'state': 1})>, <Event(512-Unknown {})>, <Event(770-TextEditing {'text': '', 'start': 0, 'length': 0, 'window': None})>, <Event(770-TextEditing {'text': '', 'start': 0, 'length': 0, 'window': None})>, <Event(512-Unknown {})>, <Event(8192-Unknown {})>, <Event(32770-VideoExpose {})>, <Event(512-Unknown {})>]

[<Event(770-TextEditing {'text': "d'sa'sa'd'he", 'start': 12, 'length': 0, 'window': None})>, <Event(768-KeyDown {'unicode': '', 'key': 1073741905, 'mod': 4096, 'scancode': 81, 'window': None})>]
[<Event(770-TextEditing {'text': "d'sa'sadhe", 'start': 10, 'length': 0, 'window': None})>]
[<Event(770-TextEditing {'text': "d'sa'sadhe", 'start': 10, 'length': 0, 'window': None})>, <Event(768-KeyDown {'unicode': '', 'key': 1073741906, 'mod': 4096, 'scancode': 82, 'window': None})>]
[<Event(770-TextEditing {'text': "d'sa'sa'd'he", 'start': 12, 'length': 0, 'window': None})>]
[<Event(769-KeyUp {'unicode': '', 'key': 1073741905, 'mod': 4096, 'scancode': 81, 'window': None})>]
[<Event(769-KeyUp {'unicode': '', 'key': 1073741906, 'mod': 4096, 'scancode': 82, 'window': None})>]
...
[<Event(770-TextEditing {'text': "d'sa'sa'd'he'f'r", 'start': 16, 'length': 0, 'window': None})>, <Event(770-TextEditing {'text': "d'sa'sa'd'he'f'r", 'start': 16, 'length': 0, 'window': None})>, <Event(768-KeyDown {'unicode': 'd', 'key': 13, 'mod': 4096, 'scancode': 40, 'window': None})>, <Event(771-TextInput {'text': 'dsasadhefr', 'window': None})>, <Event(770-TextEditing {'text': '', 'start': 0, 'length': 0, 'window': None})>]
[<Event(1024-MouseMotion {'pos': (746, 395), 'rel': (92, -7), 'buttons': (0, 0, 0), 'window': None})>]
[<Event(1024-MouseMotion {'pos': (794, 395), 'rel': (48, 0), 'buttons': (0, 0, 0), 'window': None})>]
[<Event(1024-MouseMotion {'pos': (834, 395), 'rel': (61, 0), 'buttons': (0, 0, 0), 'window': None})>, <Event(32768-ActiveEvent {'gain': 0, 'state': 0})>, <Event(512-Unknown {})>]
[<Event(32768-ActiveEvent {'gain': 0, 'state': 1})>, <Event(512-Unknown {})>, <Event(770-TextEditing {'text': '', 'start': 0, 'length': 0, 'window': None})>]

[<Event(1024-MouseMotion {'pos': (130, 134), 'rel': (0, 2), 'buttons': (1, 0, 0), 'window': None})>]
[<Event(1026-MouseButtonUp {'pos': (130, 134), 'button': 1, 'window': None})>]
[<Event(1025-MouseButtonDown {'pos': (130, 134), 'button': 2, 'window': None})>]
[<Event(1024-MouseMotion {'pos': (130, 135), 'rel': (0, 1), 'buttons': (0, 1, 0), 'window': None})>]

[<Event(768-KeyDown {'unicode': '', 'key': 1073742050, 'mod': 4352, 'scancode': 226, 'window': None})>]
[<Event(512-Unknown {})>, <Event(256-Quit {})>, <Event(768-KeyDown {'unicode': '', 'key': 1073741885, 'mod': 4352, 'scancode': 61, 'window': None})>]

[<Event(1024-MouseMotion {'pos': (151, 0), 'rel': (7, -81), 'buttons': (0, 0, 0), 'window': None})>, <Event(32768-ActiveEvent {'gain': 0, 'state': 0})>, <Event(512-Unknown {})>]
[<Event(512-Unknown {})>, <Event(256-Quit {})>]
[<Event(32768-ActiveEvent {'gain': 0, 'state': 1})>, <Event(512-Unknown {})>, <Event(770-TextEditing {'text': '', 'start': 0, 'length': 0, 'window': None})>]
